<?xml version="1.0" encoding="UTF-8"?>
<!-- Generated by org.testng.reporters.JUnitReportReporter -->
<testsuite hostname="Arockiasamys-MacBook-Pro.local" failures="0" tests="3" name="testNG.Ex3DependsOnMethods" time="0.007" errors="0" timestamp="2021-06-18T20:26:50 PDT" skipped="0">
  <testcase classname="testNG.Ex3DependsOnMethods" name="siteUrl" time="0.005"/>
  <system-out/>
  <testcase classname="testNG.Ex3DependsOnMethods" name="checkingAddToCart" time="0.001"/>
  <system-out/>
  <testcase classname="testNG.Ex3DependsOnMethods" name="checkingHomepage" time="0.001"/>
  <system-out/>
</testsuite> <!-- testNG.Ex3DependsOnMethods -->
