<?xml version="1.0" encoding="UTF-8"?>
<!-- Generated by org.testng.reporters.JUnitReportReporter -->
<testsuite hostname="Arockiasamys-MacBook-Pro.local" failures="0" tests="3" name="testNG.Ex4SuiteExample" time="5.455" errors="0" timestamp="2021-06-18T22:06:15 PDT" skipped="0">
  <testcase classname="testNG.Ex4SuiteExample" name="openGoogle" time="0.817"/>
  <system-out/>
  <testcase classname="testNG.Ex4SuiteExample" name="openBign" time="0.747"/>
  <system-out/>
  <testcase classname="testNG.Ex4SuiteExample" name="openAmazon" time="3.891"/>
  <system-out/>
</testsuite> <!-- testNG.Ex4SuiteExample -->
