<?xml version="1.0" encoding="UTF-8"?>
<!-- Generated by org.testng.reporters.JUnitReportReporter -->
<testsuite hostname="Arockiasamys-MacBook-Pro.local" failures="0" tests="3" name="testNG.Ex5SuiteExample" time="5.516" errors="0" timestamp="2021-06-21T09:48:25 PDT" skipped="0">
  <testcase classname="testNG.Ex5SuiteExample" name="openBign" time="0.846"/>
  <system-out/>
  <testcase classname="testNG.Ex5SuiteExample" name="openAmazon" time="4.033"/>
  <system-out/>
  <testcase classname="testNG.Ex5SuiteExample" name="openGoogle" time="0.637"/>
  <system-out/>
</testsuite> <!-- testNG.Ex5SuiteExample -->
