<?xml version="1.0" encoding="UTF-8"?>
<!-- Generated by org.testng.reporters.JUnitReportReporter -->
<testsuite hostname="Arockiasamys-MacBook-Pro.local" failures="0" tests="2" name="Ex9AnnotationsHierachy" time="0.004" errors="0" timestamp="2021-06-23T10:43:14 PDT" skipped="0">
  <testcase classname="Ex9AnnotationsHierachy" name="test" time="0.003"/>
  <system-out/>
  <testcase classname="Ex9AnnotationsHierachy" name="test1" time="0.001"/>
  <system-out/>
</testsuite> <!-- Ex9AnnotationsHierachy -->
