<?xml version="1.0" encoding="UTF-8"?>
<!-- Generated by org.testng.reporters.JUnitReportReporter -->
<testsuite hostname="Arockiasamys-MacBook-Pro.local" failures="0" tests="1" name="pageObjects1main.UpdateTestCases" time="9.354" errors="0" timestamp="2021-06-27T17:16:45 PDT" skipped="0">
  <testcase classname="pageObjects1main.UpdateTestCases" name="updatePage" time="9.354"/>
  <system-out/>
</testsuite> <!-- pageObjects1main.UpdateTestCases -->
