<?xml version="1.0" encoding="UTF-8"?>
<!-- Generated by org.testng.reporters.JUnitReportReporter -->
<testsuite hostname="Arockiasamys-MacBook-Pro.local" failures="0" tests="1" name="testNG2.Ex1DataProviderFromExcel" time="0.000" errors="0" timestamp="2021-06-23T16:00:09 PDT" skipped="1">
  <testcase classname="testNG2.Ex1DataProviderFromExcel" name="login" time="0.000">
    <skipped/>
  </testcase> <!-- login -->
  <system-out/>
</testsuite> <!-- testNG2.Ex1DataProviderFromExcel -->
