<?xml version="1.0" encoding="UTF-8"?>
<!-- Generated by org.testng.reporters.JUnitReportReporter -->
<testsuite hostname="Arockiasamys-MacBook-Pro.local" failures="0" tests="5" name="testNG.Ex3UsingEnabledAttribute" time="0.008" errors="0" timestamp="2021-06-18T20:02:11 PDT" skipped="1">
  <testcase classname="testNG.Ex3UsingEnabledAttribute" name="startCar" time="0.005"/>
  <system-out/>
  <testcase classname="testNG.Ex3UsingEnabledAttribute" name="firstGear" time="0.001"/>
  <system-out/>
  <testcase classname="testNG.Ex3UsingEnabledAttribute" name="secondGear" time="0.001"/>
  <system-out/>
  <testcase classname="testNG.Ex3UsingEnabledAttribute" name="stopCar" time="0.001"/>
  <system-out/>
  <testcase classname="testNG.Ex3UsingEnabledAttribute" name="music">
    <skipped/>
  </testcase> <!-- music -->
  <system-out/>
</testsuite> <!-- testNG.Ex3UsingEnabledAttribute -->
