<?xml version="1.0" encoding="UTF-8"?>
<!-- Generated by org.testng.reporters.JUnitReportReporter -->
<testsuite hostname="Arockiasamys-MacBook-Pro.local" failures="0" tests="1" name="pageObjects1main.LoginTestcases" time="3.215" errors="0" timestamp="2021-06-27T16:23:21 PDT" skipped="0">
  <testcase classname="pageObjects1main.LoginTestcases" name="login" time="3.215"/>
  <system-out/>
</testsuite> <!-- pageObjects1main.LoginTestcases -->
