<?xml version="1.0" encoding="UTF-8"?>
<!-- Generated by org.testng.reporters.JUnitReportReporter -->
<testsuite hostname="Arockiasamys-MacBook-Pro.local" failures="0" tests="4" name="testNG.Ex1" time="0.008" errors="0" timestamp="2021-06-18T19:47:02 PDT" skipped="0">
  <testcase classname="testNG.Ex1" name="firstGear" time="0.006"/>
  <system-out/>
  <testcase classname="testNG.Ex1" name="secondGear" time="0.001"/>
  <system-out/>
  <testcase classname="testNG.Ex1" name="startCar" time="0.000"/>
  <system-out/>
  <testcase classname="testNG.Ex1" name="stopCar" time="0.001"/>
  <system-out/>
</testsuite> <!-- testNG.Ex1 -->
