<?xml version="1.0" encoding="UTF-8"?>
<!-- Generated by org.testng.reporters.JUnitReportReporter -->
<testsuite hostname="Arockiasamys-MacBook-Pro.local" failures="0" tests="4" name="testNG.Ex2" time="0.009" errors="0" timestamp="2021-06-18T19:49:14 PDT" skipped="0">
  <testcase classname="testNG.Ex2" name="startCar" time="0.005"/>
  <system-out/>
  <testcase classname="testNG.Ex2" name="firstGear" time="0.002"/>
  <system-out/>
  <testcase classname="testNG.Ex2" name="secondGear" time="0.001"/>
  <system-out/>
  <testcase classname="testNG.Ex2" name="stopCar" time="0.001"/>
  <system-out/>
</testsuite> <!-- testNG.Ex2 -->
